[[32mSUCCESS[0m] 2025-12-09 13:12:14: python3.10-venv already installed 
[[34mINFO[0m] 2025-12-09 13:12:14: payments_venv environment not found, creating payments_venv....
[[32mSUCCESS[0m] 2025-12-09 13:12:21: payments_venv environment created, now activating payments_venv.... 
[[32mSUCCESS[0m] 2025-12-09 13:12:21: payments_venv activated... 
[[34mINFO[0m] 2025-12-09 13:12:21: Upgrading pip -  payments_venv environment...
Requirement already satisfied: pip in ./payments_venv/lib/python3.10/site-packages (22.0.2)
Collecting pip
  Using cached pip-25.3-py3-none-any.whl (1.8 MB)
Installing collected packages: pip
  Attempting uninstall: pip
    Found existing installation: pip 22.0.2
    Uninstalling pip-22.0.2:
      Successfully uninstalled pip-22.0.2
Successfully installed pip-25.3
[[32mSUCCESS[0m] 2025-12-09 13:12:26: Pip upgraded within  payments_venv environment... 
[[34mINFO[0m] 2025-12-09 13:12:26: Installing payments_venv dependencies...
Collecting stripe==7.10.0 (from -r /home/taibat/environment_bootstrapper/payments_directory/requirement.txt (line 1))
  Using cached stripe-7.10.0-py2.py3-none-any.whl.metadata (2.7 kB)
Collecting requests==2.32.3 (from -r /home/taibat/environment_bootstrapper/payments_directory/requirement.txt (line 2))
  Using cached requests-2.32.3-py3-none-any.whl.metadata (4.6 kB)
Collecting python-dotenv==1.0.1 (from -r /home/taibat/environment_bootstrapper/payments_directory/requirement.txt (line 3))
  Using cached python_dotenv-1.0.1-py3-none-any.whl.metadata (23 kB)
Collecting typing-extensions>=4.5.0 (from stripe==7.10.0->-r /home/taibat/environment_bootstrapper/payments_directory/requirement.txt (line 1))
  Using cached typing_extensions-4.15.0-py3-none-any.whl.metadata (3.3 kB)
Collecting charset-normalizer<4,>=2 (from requests==2.32.3->-r /home/taibat/environment_bootstrapper/payments_directory/requirement.txt (line 2))
  Using cached charset_normalizer-3.4.4-cp310-cp310-manylinux2014_x86_64.manylinux_2_17_x86_64.manylinux_2_28_x86_64.whl.metadata (37 kB)
Collecting idna<4,>=2.5 (from requests==2.32.3->-r /home/taibat/environment_bootstrapper/payments_directory/requirement.txt (line 2))
  Using cached idna-3.11-py3-none-any.whl.metadata (8.4 kB)
Collecting urllib3<3,>=1.21.1 (from requests==2.32.3->-r /home/taibat/environment_bootstrapper/payments_directory/requirement.txt (line 2))
  Using cached urllib3-2.6.1-py3-none-any.whl.metadata (6.6 kB)
Collecting certifi>=2017.4.17 (from requests==2.32.3->-r /home/taibat/environment_bootstrapper/payments_directory/requirement.txt (line 2))
  Using cached certifi-2025.11.12-py3-none-any.whl.metadata (2.5 kB)
Using cached stripe-7.10.0-py2.py3-none-any.whl (893 kB)
Using cached requests-2.32.3-py3-none-any.whl (64 kB)
Using cached python_dotenv-1.0.1-py3-none-any.whl (19 kB)
Using cached charset_normalizer-3.4.4-cp310-cp310-manylinux2014_x86_64.manylinux_2_17_x86_64.manylinux_2_28_x86_64.whl (153 kB)
Using cached idna-3.11-py3-none-any.whl (71 kB)
Using cached urllib3-2.6.1-py3-none-any.whl (131 kB)
Using cached certifi-2025.11.12-py3-none-any.whl (159 kB)
Using cached typing_extensions-4.15.0-py3-none-any.whl (44 kB)
Installing collected packages: urllib3, typing-extensions, python-dotenv, idna, charset-normalizer, certifi, requests, stripe

Successfully installed certifi-2025.11.12 charset-normalizer-3.4.4 idna-3.11 python-dotenv-1.0.1 requests-2.32.3 stripe-7.10.0 typing-extensions-4.15.0 urllib3-2.6.1
[[32mSUCCESS[0m] 2025-12-09 13:12:36: payments_venv Dependencies successfully  installed... 
[[33mWARNING[0m] 2025-12-09 13:12:36: .gitignore exist, exiting... 
[[32mSUCCESS[0m] 2025-12-09 13:12:36: payments_venv environment ready for use ... 
